<?xml version="1.0" encoding="UTF-8"?>
<testsuite xmlns:xsi="http://www.w3.org/2001/XMLSchema-instance" xsi:noNamespaceSchemaLocation="https://maven.apache.org/surefire/maven-failsafe-plugin/xsd/failsafe-test-report.xsd" name="proj.concert.service.ConcertResourceIT" time="3.737" tests="24" errors="0" skipped="0" failures="0">
  <properties>
[...]
</properties>
  <testcase name="testAttemptDoubleBooking_SameSeats" classname="proj.concert.service.ConcertResourceIT" time="0.234"/>
  <testcase name="testFailedLogin_IncorrectPassword" classname="proj.concert.service.ConcertResourceIT" time="0.169"/>
  <testcase name="testGetConcertSummaries" classname="proj.concert.service.ConcertResourceIT" time="0.199"/>
  <testcase name="testAttemptGetOthersBookingById" classname="proj.concert.service.ConcertResourceIT" time="0.185"/>
  <testcase name="testGetUnbookedSeatsForDate" classname="proj.concert.service.ConcertResourceIT" time="0.189"/>
  <testcase name="testAttemptBookingWrongDate" classname="proj.concert.service.ConcertResourceIT" time="0.181"/>
  <testcase name="testMakeSuccessfulBooking" classname="proj.concert.service.ConcertResourceIT" time="0.16"/>
  <testcase name="testGetSinglePerformer" classname="proj.concert.service.ConcertResourceIT" time="0.165"/>
  <testcase name="testGetBookedSeatsForDate" classname="proj.concert.service.ConcertResourceIT" time="0.166"/>
  <testcase name="testGetAllPerformers" classname="proj.concert.service.ConcertResourceIT" time="0.195"/>
  <testcase name="testGetOwnBookingById" classname="proj.concert.service.ConcertResourceIT" time="0.186"/>
  <testcase name="testGetNonExistentPerformer" classname="proj.concert.service.ConcertResourceIT" time="0.127"/>
  <testcase name="testAttemptUnauthorizedBooking" classname="proj.concert.service.ConcertResourceIT" time="0.14"/>
  <testcase name="testGetNonExistentConcert" classname="proj.concert.service.ConcertResourceIT" time="0.129"/>
  <testcase name="testGetAllBookingsForUser" classname="proj.concert.service.ConcertResourceIT" time="0.159"/>
  <testcase name="testSuccessfulLogin" classname="proj.concert.service.ConcertResourceIT" time="0.119"/>
  <testcase name="testGetSingleConcert" classname="proj.concert.service.ConcertResourceIT" time="0.119"/>
  <testcase name="testFailedLogin_IncorrectUsername" classname="proj.concert.service.ConcertResourceIT" time="0.114"/>
  <testcase name="testAttemptGetAllBookingsWhenNotAuthenticated" classname="proj.concert.service.ConcertResourceIT" time="0.11"/>
  <testcase name="testAttemptBookingIncorrectConcertId" classname="proj.concert.service.ConcertResourceIT" time="0.125"/>
  <testcase name="testGetAllSeatsForDate" classname="proj.concert.service.ConcertResourceIT" time="0.133"/>
  <testcase name="testGetSingleConcertWithMultiplePerformersAndDates" classname="proj.concert.service.ConcertResourceIT" time="0.139"/>
  <testcase name="testGetAllConcerts" classname="proj.concert.service.ConcertResourceIT" time="0.129"/>
  <testcase name="testAttemptDoubleBooking_OverlappingSeats" classname="proj.concert.service.ConcertResourceIT" time="0.164"/>
</testsuite>